305 INFO: PyInstaller: 6.19.0, contrib hooks: 2026.2
307 INFO: Python: 3.14.3
310 INFO: Platform: Linux-6.19.6-arch1-1-x86_64-with-glibc2.43
311 INFO: Python environment: /usr
311 INFO: wrote /home/evans/Documents/linux-ops-center/LinuxOpsCenter.spec
315 INFO: Removing temporary files and cleaning cache in /home/evans/.cache/pyinstaller
318 INFO: Module search paths (PYTHONPATH):
['/home/evans/Documents/linux-ops-center',
 '/usr/lib/python314.zip',
 '/usr/lib/python3.14',
 '/usr/lib/python3.14/lib-dynload',
 '/home/evans/.local/lib/python3.14/site-packages',
 '/usr/lib/python3.14/site-packages',
 '/home/evans/Documents/linux-ops-center']
1572 INFO: checking Analysis
1572 INFO: Building Analysis because Analysis-00.toc is non existent
1572 INFO: Looking for Python shared library...
1591 INFO: Using Python shared library: /usr/lib/libpython3.14.so.1.0
1591 INFO: Running Analysis Analysis-00.toc
1591 INFO: Target bytecode optimization level: 0
1591 INFO: Initializing module dependency graph...
1595 INFO: Initializing module graph hook caches...
1640 INFO: Analyzing modules for base_library.zip ...
4813 INFO: Processing standard module hook 'hook-heapq.py' from '/home/evans/.local/lib/python3.14/site-packages/PyInstaller/hooks'
9480 INFO: Processing standard module hook 'hook-encodings.py' from '/home/evans/.local/lib/python3.14/site-packages/PyInstaller/hooks'
11322 INFO: Processing standard module hook 'hook-pickle.py' from '/home/evans/.local/lib/python3.14/site-packages/PyInstaller/hooks'
13550 INFO: Processing standard module hook 'hook-difflib.py' from '/home/evans/.local/lib/python3.14/site-packages/PyInstaller/hooks'
30642 INFO: Caching module dependency graph...
30899 INFO: Analyzing /home/evans/Documents/linux-ops-center/main.py
31096 INFO: Processing pre-safe-import-module hook 'hook-gi.py' from '/home/evans/.local/lib/python3.14/site-packages/PyInstaller/hooks/pre_safe_import_module'
31590 INFO: Processing standard module hook 'hook-gi.py' from '/home/evans/.local/lib/python3.14/site-packages/PyInstaller/hooks'
32120 INFO: Processing pre-safe-import-module hook 'hook-gi.overrides.py' from '/home/evans/.local/lib/python3.14/site-packages/PyInstaller/hooks/pre_safe_import_module'
32663 INFO: Processing pre-safe-import-module hook 'hook-gi.repository.GLib.py' from '/home/evans/.local/lib/python3.14/site-packages/PyInstaller/hooks/pre_safe_import_module'
32665 INFO: Processing pre-safe-import-module hook 'hook-gi.repository.Gtk.py' from '/home/evans/.local/lib/python3.14/site-packages/PyInstaller/hooks/pre_safe_import_module'
32668 INFO: Processing standard module hook 'hook-gi.repository.GLib.py' from '/home/evans/.local/lib/python3.14/site-packages/PyInstaller/hooks'
32669 INFO: Processing standard module hook 'hook-gi.repository.Gtk.py' from '/home/evans/.local/lib/python3.14/site-packages/PyInstaller/hooks'
32859 INFO: Analyzing hidden import 'gi.overrides.Gtk'
33255 INFO: Processing pre-safe-import-module hook 'hook-gi.repository.GObject.py' from '/home/evans/.local/lib/python3.14/site-packages/PyInstaller/hooks/pre_safe_import_module'
33258 INFO: Processing standard module hook 'hook-gi.repository.GObject.py' from '/home/evans/.local/lib/python3.14/site-packages/PyInstaller/hooks'
36314 INFO: Processing standard module hook 'hook-multiprocessing.util.py' from '/home/evans/.local/lib/python3.14/site-packages/PyInstaller/hooks'
36955 INFO: Processing standard module hook 'hook-xml.py' from '/home/evans/.local/lib/python3.14/site-packages/PyInstaller/hooks'
38762 INFO: Processing standard module hook 'hook-sysconfig.py' from '/home/evans/.local/lib/python3.14/site-packages/PyInstaller/hooks'
38788 INFO: Processing standard module hook 'hook-_ctypes.py' from '/home/evans/.local/lib/python3.14/site-packages/PyInstaller/hooks'
42186 INFO: Processing pre-safe-import-module hook 'hook-gi.repository.Gio.py' from '/home/evans/.local/lib/python3.14/site-packages/PyInstaller/hooks/pre_safe_import_module'
42189 INFO: Processing standard module hook 'hook-gi.repository.Gio.py' from '/home/evans/.local/lib/python3.14/site-packages/PyInstaller/hooks'
44096 INFO: Processing module hooks (post-graph stage)...
44167 INFO: Processing standard module hook 'hook-gi.repository.Gtk.py' from '/home/evans/.local/lib/python3.14/site-packages/PyInstaller/hooks'
52142 INFO: Processing pre-safe-import-module hook 'hook-gi.repository.xlib.py' from '/home/evans/.local/lib/python3.14/site-packages/PyInstaller/hooks/pre_safe_import_module'
52146 INFO: Processing pre-safe-import-module hook 'hook-gi.repository.Gdk.py' from '/home/evans/.local/lib/python3.14/site-packages/PyInstaller/hooks/pre_safe_import_module'
52147 INFO: Processing pre-safe-import-module hook 'hook-gi.repository.Atk.py' from '/home/evans/.local/lib/python3.14/site-packages/PyInstaller/hooks/pre_safe_import_module'
52978 INFO: Processing standard module hook 'hook-gi.repository.GLib.py' from '/home/evans/.local/lib/python3.14/site-packages/PyInstaller/hooks'
56133 INFO: Processing pre-safe-import-module hook 'hook-gi.repository.GModule.py' from '/home/evans/.local/lib/python3.14/site-packages/PyInstaller/hooks/pre_safe_import_module'
56153 INFO: Processing standard module hook 'hook-gi.repository.Gdk.py' from '/home/evans/.local/lib/python3.14/site-packages/PyInstaller/hooks'
58044 INFO: Processing pre-safe-import-module hook 'hook-gi.repository.cairo.py' from '/home/evans/.local/lib/python3.14/site-packages/PyInstaller/hooks/pre_safe_import_module'
58047 INFO: Processing standard module hook 'hook-gi.repository.cairo.py' from '/home/evans/.local/lib/python3.14/site-packages/PyInstaller/hooks'
59854 INFO: Processing pre-safe-import-module hook 'hook-gi.repository.Pango.py' from '/home/evans/.local/lib/python3.14/site-packages/PyInstaller/hooks/pre_safe_import_module'
59855 INFO: Processing pre-safe-import-module hook 'hook-gi.repository.GdkPixbuf.py' from '/home/evans/.local/lib/python3.14/site-packages/PyInstaller/hooks/pre_safe_import_module'
60045 INFO: Processing standard module hook 'hook-gi.repository.xlib.py' from '/home/evans/.local/lib/python3.14/site-packages/PyInstaller/hooks'
61792 INFO: Processing standard module hook 'hook-gi.repository.Atk.py' from '/home/evans/.local/lib/python3.14/site-packages/PyInstaller/hooks'
63644 INFO: Processing standard module hook 'hook-gi.repository.Pango.py' from '/home/evans/.local/lib/python3.14/site-packages/PyInstaller/hooks'
65544 INFO: Processing pre-safe-import-module hook 'hook-gi.repository.HarfBuzz.py' from '/home/evans/.local/lib/python3.14/site-packages/PyInstaller/hooks/pre_safe_import_module'
65546 INFO: Processing standard module hook 'hook-gi.repository.GdkPixbuf.py' from '/home/evans/.local/lib/python3.14/site-packages/PyInstaller/hooks'
67527 INFO: Processing standard module hook 'hook-gi.repository.GModule.py' from '/home/evans/.local/lib/python3.14/site-packages/PyInstaller/hooks'
69414 INFO: Processing standard module hook 'hook-gi.repository.HarfBuzz.py' from '/home/evans/.local/lib/python3.14/site-packages/PyInstaller/hooks'
71601 INFO: Processing pre-safe-import-module hook 'hook-gi.repository.freetype2.py' from '/home/evans/.local/lib/python3.14/site-packages/PyInstaller/hooks/pre_safe_import_module'
71614 INFO: Processing standard module hook 'hook-gi.repository.freetype2.py' from '/home/evans/.local/lib/python3.14/site-packages/PyInstaller/hooks'
74442 INFO: Performing binary vs. data reclassification (4810 entries)
78396 INFO: Looking for ctypes DLLs
78560 INFO: Analyzing run-time hooks ...
78595 INFO: Including run-time hook 'pyi_rth_glib.py' from '/home/evans/.local/lib/python3.14/site-packages/PyInstaller/hooks/rthooks'
78625 INFO: Including run-time hook 'pyi_rth_pkgutil.py' from '/home/evans/.local/lib/python3.14/site-packages/PyInstaller/hooks/rthooks'
78659 INFO: Including run-time hook 'pyi_rth_inspect.py' from '/home/evans/.local/lib/python3.14/site-packages/PyInstaller/hooks/rthooks'
78754 INFO: Including run-time hook 'pyi_rth_multiprocessing.py' from '/home/evans/.local/lib/python3.14/site-packages/PyInstaller/hooks/rthooks'
78776 INFO: Including run-time hook 'pyi_rth_gio.py' from '/home/evans/.local/lib/python3.14/site-packages/PyInstaller/hooks/rthooks'
78784 INFO: Including run-time hook 'pyi_rth_gtk.py' from '/home/evans/.local/lib/python3.14/site-packages/PyInstaller/hooks/rthooks'
78793 INFO: Including run-time hook 'pyi_rth_gdkpixbuf.py' from '/home/evans/.local/lib/python3.14/site-packages/PyInstaller/hooks/rthooks'
78831 INFO: Including run-time hook 'pyi_rth_gi.py' from '/home/evans/.local/lib/python3.14/site-packages/PyInstaller/hooks/rthooks'
79927 INFO: Compiling collected GLib schema files in '/home/evans/Documents/linux-ops-center/build/LinuxOpsCenter/_pyi_gschema_compilation'...
80420 INFO: Creating base_library.zip...
80525 INFO: Looking for dynamic libraries
86213 INFO: Warnings written to /home/evans/Documents/linux-ops-center/build/LinuxOpsCenter/warn-LinuxOpsCenter.txt
86320 INFO: Graph cross-reference written to /home/evans/Documents/linux-ops-center/build/LinuxOpsCenter/xref-LinuxOpsCenter.html
86784 INFO: checking PYZ
86785 INFO: Building PYZ because PYZ-00.toc is non existent
86786 INFO: Building PYZ (ZlibArchive) /home/evans/Documents/linux-ops-center/build/LinuxOpsCenter/PYZ-00.pyz
88108 INFO: Building PYZ (ZlibArchive) /home/evans/Documents/linux-ops-center/build/LinuxOpsCenter/PYZ-00.pyz completed successfully.
88153 INFO: checking PKG
88157 INFO: Building PKG because PKG-00.toc is non existent
88157 INFO: Building PKG (CArchive) LinuxOpsCenter.pkg
88244 INFO: Building PKG (CArchive) LinuxOpsCenter.pkg completed successfully.
88247 INFO: Bootloader /home/evans/.local/lib/python3.14/site-packages/PyInstaller/bootloader/Linux-64bit-intel/run
88248 INFO: checking EXE
88248 INFO: Building EXE because EXE-00.toc is non existent
88248 INFO: Building EXE from EXE-00.toc
88248 INFO: Copying bootloader EXE to /home/evans/Documents/linux-ops-center/build/LinuxOpsCenter/LinuxOpsCenter
88251 INFO: Appending PKG archive to custom ELF section in EXE
88301 INFO: Building EXE from EXE-00.toc completed successfully.
88624 INFO: checking COLLECT
88624 INFO: Building COLLECT because COLLECT-00.toc is non existent
88625 INFO: Building COLLECT COLLECT-00.toc
95047 INFO: Building COLLECT COLLECT-00.toc completed successfully.
95617 INFO: Build complete! The results are available in: /home/evans/Documents/linux-ops-center/dist
appimagetool, continuous build (git version 8c8c91f), build 295 built on 2025-12-04 17:56:36 UTC
/home/evans/Documents/linux-ops-center/AppDir/org.evans.LinuxOpsCenter.desktop: hint: value "Utility;System;Monitor;" for key "Categories" in group "Desktop Entry" contains more than one main category; application might appear more than once in the application menu
Using architecture x86_64
/home/evans/Documents/linux-ops-center/AppDir should be packaged as org.evans.LinuxOpsCenter-x86_64.AppImage
Deleting pre-existing .DirIcon
Creating .DirIcon symlink based on information from desktop file
AppStream upstream metadata found in usr/share/metainfo/org.evans.LinuxOpsCenter.appdata.xml
Trying to validate AppStream information with the appstreamcli tool
In case of issues, please refer to https://github.com/ximion/appstream
org.evans.LinuxOpsCenter.metainfo.xml

org.evans.LinuxOpsCenter.appdata.xml

✔ Validation was successful: pedantic: 2
Trying to validate AppStream information with the appstream-util tool
In case of issues, please refer to https://github.com/hughsie/appstream-glib
/home/evans/Documents/linux-ops-center/AppDir/usr/share/metainfo/org.evans.LinuxOpsCenter.appdata.xml: OK
Generating squashfs...
Downloading runtime file from https://github.com/AppImage/type2-runtime/releases/download/continuous/runtime-x86_64
Downloaded runtime binary of size 944632
Parallel mksquashfs: Using 4 processors
Creating 4.0 filesystem on org.evans.LinuxOpsCenter-x86_64.AppImage, block size 131072.
[=============\                                                ] 1200/5600  21%[=========================================================/    ] 5300/5600  94%[=============================================================\] 5600/5600 100%

Exportable Squashfs 4.0 filesystem, zstd compressed, data block size 131072
	compressed data, compressed metadata, compressed fragments,
	compressed xattrs, compressed ids
	duplicates are removed
Filesystem size 55071.38 Kbytes (53.78 Mbytes)
	35.46% of uncompressed filesystem size (155309.96 Kbytes)
Inode table size 45301 bytes (44.24 Kbytes)
	26.25% of uncompressed inode table size (172596 bytes)
Directory table size 55051 bytes (53.76 Kbytes)
	34.46% of uncompressed directory table size (159770 bytes)
Number of duplicate files found 720
Number of inodes 5201
Number of files 4709
Number of fragments 273
Number of symbolic links 80
Number of device nodes 0
Number of fifo nodes 0
Number of socket nodes 0
Number of directories 412
Number of hard-links 0
Number of ids (unique uids + gids) 1
Number of uids 1
	root (0)
Number of gids 1
	root (0)
Embedding ELF...
Marking the AppImage as executable...
Embedding MD5 digest
Success

Please consider submitting your AppImage to AppImageHub, the crowd-sourced
central directory of available AppImages, by opening a pull request
at https://github.com/AppImage/appimage.github.io
Built: org.evans.LinuxOpsCenter-x86_64.AppImage
